<?xml version="1.0" encoding="UTF-8"?>
<!-- Generated by org.testng.reporters.JUnitXMLReporter -->
<testsuite ignored="4" hostname="DESKTOP-7DEH5DC" failures="1" tests="14" name="Functional Tests" time="181.629" errors="0" timestamp="2025-10-08T19:14:15 IST">
  <testcase classname="com.mystore.testcases.RegistrationTest" name="verifyExistingEmailRegistration" time="0.017"/>
  <testcase classname="com.mystore.testcases.RegistrationTest" name="verifyExistingEmailRegistration" time="0.901"/>
  <testcase classname="com.mystore.testcases.RegistrationTest" name="verifyExistingEmailRegistration" time="0.003"/>
  <testcase classname="com.mystore.testcases.RegistrationTest" name="verifyRequiredFieldValidation" time="0.002"/>
  <testcase classname="com.mystore.testcases.RegistrationTest" name="verifyRequiredFieldValidation" time="0.001"/>
  <testcase classname="com.mystore.testcases.RegistrationTest" name="verifyRequiredFieldValidation" time="5.291">
    <failure type="java.lang.AssertionError" message="❌ Test failed: Unable to locate element: div.mage-error
For documentation on this error, please visit: https://www.selenium.dev/documentation/webdriver/troubleshooting/errors#no-such-element-exception
Build info: version: &amp;apos;4.25.0&amp;apos;, revision: &amp;apos;8a8aea2337&amp;apos;
System info: os.name: &amp;apos;Windows 11&amp;apos;, os.arch: &amp;apos;amd64&amp;apos;, os.version: &amp;apos;10.0&amp;apos;, java.version: &amp;apos;21.0.8&amp;apos;
Driver info: org.openqa.selenium.firefox.FirefoxDriver
Command: [87beec08-f039-4105-aae9-6424d60ed940, findElement {value=div.mage-error, using=css selector}]
Capabilities {acceptInsecureCerts: true, browserName: firefox, browserVersion: 143.0.1, moz:accessibilityChecks: false, moz:buildID: 20250918214338, moz:geckodriverVersion: 0.36.0, moz:headless: false, moz:platformVersion: 10.0, moz:processID: 13884, moz:profile: C:\Users\Magneto\AppData\Lo..., moz:shutdownTimeout: 60000, moz:webdriverClick: true, moz:windowless: false, pageLoadStrategy: normal, platformName: windows, proxy: Proxy(), setWindowRect: true, strictFileInteractability: false, timeouts: {implicit: 0, pageLoad: 300000, script: 30000}, unhandledPromptBehavior: dismiss and notify, userAgent: Mozilla/5.0 (Windows NT 10....}
Session ID: 87beec08-f039-4105-aae9-6424d60ed940">
      <![CDATA[java.lang.AssertionError: ❌ Test failed: Unable to locate element: div.mage-error
For documentation on this error, please visit: https://www.selenium.dev/documentation/webdriver/troubleshooting/errors#no-such-element-exception
Build info: version: '4.25.0', revision: '8a8aea2337'
System info: os.name: 'Windows 11', os.arch: 'amd64', os.version: '10.0', java.version: '21.0.8'
Driver info: org.openqa.selenium.firefox.FirefoxDriver
Command: [87beec08-f039-4105-aae9-6424d60ed940, findElement {value=div.mage-error, using=css selector}]
Capabilities {acceptInsecureCerts: true, browserName: firefox, browserVersion: 143.0.1, moz:accessibilityChecks: false, moz:buildID: 20250918214338, moz:geckodriverVersion: 0.36.0, moz:headless: false, moz:platformVersion: 10.0, moz:processID: 13884, moz:profile: C:\Users\Magneto\AppData\Lo..., moz:shutdownTimeout: 60000, moz:webdriverClick: true, moz:windowless: false, pageLoadStrategy: normal, platformName: windows, proxy: Proxy(), setWindowRect: true, strictFileInteractability: false, timeouts: {implicit: 0, pageLoad: 300000, script: 30000}, unhandledPromptBehavior: dismiss and notify, userAgent: Mozilla/5.0 (Windows NT 10....}
Session ID: 87beec08-f039-4105-aae9-6424d60ed940
at com.mystore.testcases.RegistrationTest.verifyRequiredFieldValidation(RegistrationTest.java:151)
at java.base/java.util.ArrayList.forEach(ArrayList.java:1596)
... Removed 26 stack frames]]>
    </failure>
  </testcase> <!-- verifyRequiredFieldValidation -->
  <testcase classname="com.mystore.testcases.RegistrationTest" name="verifyValidRegistration" time="2.396"/>
  <testcase classname="com.mystore.testcases.RegistrationTest" name="verifyValidRegistration" time="0.001"/>
  <testcase classname="com.mystore.testcases.RegistrationTest" name="verifyValidRegistration" time="0.001"/>
  <testcase classname="com.mystore.testcases.Login" name="loginWithInValidCredentials" time="0.982"/>
  <testcase classname="com.mystore.testcases.Login" name="loginWithValidCredentials" time="2.402"/>
  <testcase classname="com.mystore.testcases.Login" name="verifySignInButtonPresence" time="0.012"/>
  <testcase classname="com.mystore.testcases.SearchTest" name="testInvalidSearchShowsNoResultsMessage" time="6.709"/>
  <testcase classname="com.mystore.testcases.SearchTest" name="testValidSearchShowsResults" time="6.894"/>
  <testcase classname="com.mystore.base.BaseClass" name="@BeforeSuite beforeSuite" time="0.0">
    <ignored/>
  </testcase> <!-- @BeforeSuite beforeSuite -->
  <testcase classname="com.mystore.base.BaseClass" name="@BeforeTest loadConfig" time="0.0">
    <ignored/>
  </testcase> <!-- @BeforeTest loadConfig -->
  <testcase classname="com.mystore.base.BaseClass" name="@BeforeSuite beforeSuite" time="0.0">
    <ignored/>
  </testcase> <!-- @BeforeSuite beforeSuite -->
  <testcase classname="com.mystore.base.BaseClass" name="@BeforeTest loadConfig" time="0.0">
    <ignored/>
  </testcase> <!-- @BeforeTest loadConfig -->
</testsuite> <!-- Functional Tests -->
