<html>
<head>
<title>TestNG:  Functional Tests</title>
<link href="../testng.css" rel="stylesheet" type="text/css" />
<link href="../my-testng.css" rel="stylesheet" type="text/css" />

<style type="text/css">
.log { display: none;} 
.stack-trace { display: none;} 
</style>
<script type="text/javascript">
<!--
function flip(e) {
  current = e.style.display;
  if (current == 'block') {
    e.style.display = 'none';
    return 0;
  }
  else {
    e.style.display = 'block';
    return 1;
  }
}

function toggleBox(szDivId, elem, msg1, msg2)
{
  var res = -1;  if (document.getElementById) {
    res = flip(document.getElementById(szDivId));
  }
  else if (document.all) {
    // this is the way old msie versions work
    res = flip(document.all[szDivId]);
  }
  if(elem) {
    if(res == 0) elem.innerHTML = msg1; else elem.innerHTML = msg2;
  }

}

function toggleAllBoxes() {
  if (document.getElementsByTagName) {
    d = document.getElementsByTagName('div');
    for (i = 0; i < d.length; i++) {
      if (d[i].className == 'log') {
        flip(d[i]);
      }
    }
  }
}

// -->
</script>

</head>
<body>
<h2 align='center'>Functional Tests</h2><table border='1' align="center">
<tr>
<td>Tests passed/Failed/Skipped:</td><td>13/1/0</td>
</tr><tr>
<td>Started on:</td><td>Wed Oct 08 19:11:13 IST 2025</td>
</tr>
<tr><td>Total time:</td><td>181 seconds (181629 ms)</td>
</tr><tr>
<td>Included groups:</td><td></td>
</tr><tr>
<td>Excluded groups:</td><td></td>
</tr>
</table><p/>
<small><i>(Hover the method name to see the test class name)</i></small><p/>
<table width='100%' border='1' class='invocation-failed'>
<tr><td colspan='4' align='center'><b>FAILED TESTS</b></td></tr>
<tr><td><b>Test method</b></td>
<td><b>Attribute(s)</b></td>
<td width="30%"><b>Exception</b></td>
<td width="10%"><b>Time (seconds)</b></td>
<td><b>Instance</b></td>
</tr>
<tr>
<td title='com.mystore.testcases.RegistrationTest.verifyRequiredFieldValidation()'><b>verifyRequiredFieldValidation</b><br>Test class: com.mystore.testcases.RegistrationTest<br>Test method: Verify registration required field validation (Blank Fields Case)<br>Parameters: , , , , requiredError, ⚠ Required fields error</td>
<td><div><pre>java.lang.AssertionError: ❌ Test failed: Unable to locate element: div.mage-error
For documentation on this error, please visit: https://www.selenium.dev/documentation/webdriver/troubleshooting/errors#no-such-element-exception
Build info: version: &apos;4.25.0&apos;, revision: &apos;8a8aea2337&apos;
System info: os.name: &apos;Windows 11&apos;, os.arch: &apos;amd64&apos;, os.version: &apos;10.0&apos;, java.version: &apos;21.0.8&apos;
Driver info: org.openqa.selenium.firefox.FirefoxDriver
Command: [87beec08-f039-4105-aae9-6424d60ed940, findElement {value=div.mage-error, using=css selector}]
Capabilities {acceptInsecureCerts: true, browserName: firefox, browserVersion: 143.0.1, moz:accessibilityChecks: false, moz:buildID: 20250918214338, moz:geckodriverVersion: 0.36.0, moz:headless: false, moz:platformVersion: 10.0, moz:processID: 13884, moz:profile: C:\Users\Magneto\AppData\Lo..., moz:shutdownTimeout: 60000, moz:webdriverClick: true, moz:windowless: false, pageLoadStrategy: normal, platformName: windows, proxy: Proxy(), setWindowRect: true, strictFileInteractability: false, timeouts: {implicit: 0, pageLoad: 300000, script: 30000}, unhandledPromptBehavior: dismiss and notify, userAgent: Mozilla/5.0 (Windows NT 10....}
Session ID: 87beec08-f039-4105-aae9-6424d60ed940
	at com.mystore.testcases.RegistrationTest.verifyRequiredFieldValidation(RegistrationTest.java:151)
	at java.base/java.util.ArrayList.forEach(ArrayList.java:1596)
... Removed 26 stack frames</pre></div><a href='#' onClick='toggleBox("stack-trace2092080808", this, "Click to show all stack frames", "Click to hide stack frames")'>Click to show all stack frames</a>
<div class='stack-trace' id='stack-trace2092080808'><pre>java.lang.AssertionError: ❌ Test failed: Unable to locate element: div.mage-error
For documentation on this error, please visit: https://www.selenium.dev/documentation/webdriver/troubleshooting/errors#no-such-element-exception
Build info: version: &apos;4.25.0&apos;, revision: &apos;8a8aea2337&apos;
System info: os.name: &apos;Windows 11&apos;, os.arch: &apos;amd64&apos;, os.version: &apos;10.0&apos;, java.version: &apos;21.0.8&apos;
Driver info: org.openqa.selenium.firefox.FirefoxDriver
Command: [87beec08-f039-4105-aae9-6424d60ed940, findElement {value=div.mage-error, using=css selector}]
Capabilities {acceptInsecureCerts: true, browserName: firefox, browserVersion: 143.0.1, moz:accessibilityChecks: false, moz:buildID: 20250918214338, moz:geckodriverVersion: 0.36.0, moz:headless: false, moz:platformVersion: 10.0, moz:processID: 13884, moz:profile: C:\Users\Magneto\AppData\Lo..., moz:shutdownTimeout: 60000, moz:webdriverClick: true, moz:windowless: false, pageLoadStrategy: normal, platformName: windows, proxy: Proxy(), setWindowRect: true, strictFileInteractability: false, timeouts: {implicit: 0, pageLoad: 300000, script: 30000}, unhandledPromptBehavior: dismiss and notify, userAgent: Mozilla/5.0 (Windows NT 10....}
Session ID: 87beec08-f039-4105-aae9-6424d60ed940
	at org.testng.Assert.fail(Assert.java:111)
	at com.mystore.testcases.RegistrationTest.verifyRequiredFieldValidation(RegistrationTest.java:151)
	at java.base/jdk.internal.reflect.DirectMethodHandleAccessor.invoke(DirectMethodHandleAccessor.java:103)
	at java.base/java.lang.reflect.Method.invoke(Method.java:580)
	at org.testng.internal.invokers.MethodInvocationHelper.invokeMethod(MethodInvocationHelper.java:141)
	at org.testng.internal.invokers.TestInvoker.invokeMethod(TestInvoker.java:687)
	at org.testng.internal.invokers.TestInvoker.invokeTestMethod(TestInvoker.java:230)
	at org.testng.internal.invokers.MethodRunner.runInSequence(MethodRunner.java:63)
	at org.testng.internal.invokers.TestInvoker$MethodInvocationAgent.invoke(TestInvoker.java:995)
	at org.testng.internal.invokers.TestInvoker.invokeTestMethods(TestInvoker.java:203)
	at org.testng.internal.invokers.TestMethodWorker.invokeTestMethods(TestMethodWorker.java:154)
	at org.testng.internal.invokers.TestMethodWorker.run(TestMethodWorker.java:134)
	at java.base/java.util.ArrayList.forEach(ArrayList.java:1596)
	at org.testng.TestRunner.privateRun(TestRunner.java:741)
	at org.testng.TestRunner.run(TestRunner.java:616)
	at org.testng.SuiteRunner.runTest(SuiteRunner.java:421)
	at org.testng.SuiteRunner.runSequentially(SuiteRunner.java:413)
	at org.testng.SuiteRunner.privateRun(SuiteRunner.java:373)
	at org.testng.SuiteRunner.run(SuiteRunner.java:312)
	at org.testng.SuiteRunnerWorker.runSuite(SuiteRunnerWorker.java:52)
	at org.testng.SuiteRunnerWorker.run(SuiteRunnerWorker.java:95)
	at org.testng.TestNG.runSuitesSequentially(TestNG.java:1274)
	at org.testng.TestNG.runSuitesLocally(TestNG.java:1208)
	at org.testng.TestNG.runSuites(TestNG.java:1112)
	at org.testng.TestNG.run(TestNG.java:1079)
	at org.testng.remote.AbstractRemoteTestNG.run(AbstractRemoteTestNG.java:115)
	at org.testng.remote.RemoteTestNG.initAndRun(RemoteTestNG.java:293)
	at org.testng.remote.RemoteTestNG.main(RemoteTestNG.java:91)
</pre></div></td>
<td>5</td>
<td>com.mystore.testcases.RegistrationTest@3bde62ff</td></tr>
</table><p>
<table width='100%' border='1' class='invocation-passed'>
<tr><td colspan='4' align='center'><b>PASSED TESTS</b></td></tr>
<tr><td><b>Test method</b></td>
<td><b>Attribute(s)</b></td>
<td width="30%"><b>Exception</b></td>
<td width="10%"><b>Time (seconds)</b></td>
<td><b>Instance</b></td>
</tr>
<tr>
<td title='com.mystore.testcases.Login.loginWithValidCredentials()'><b>loginWithValidCredentials</b><br>Test class: com.mystore.testcases.Login<br>Test method: Verify Login popup with valid credentials<br>Parameters: priti.kasar@magnetoitsolutions.com, Priti@123</td>
<td></td>
<td>2</td>
<td>com.mystore.testcases.Login@319dead1</td></tr>
<tr>
<td title='com.mystore.testcases.RegistrationTest.verifyRequiredFieldValidation()'><b>verifyRequiredFieldValidation</b><br>Test class: com.mystore.testcases.RegistrationTest<br>Test method: Verify registration required field validation (Blank Fields Case)<br>Parameters: John, Doe1, existingemail@test.com, Test@1234, error, ❌ Email already exists</td>
<td></td>
<td>0</td>
<td>com.mystore.testcases.RegistrationTest@3bde62ff</td></tr>
<tr>
<td title='com.mystore.testcases.SearchTest.testValidSearchShowsResults()'><b>testValidSearchShowsResults</b><br>Test class: com.mystore.testcases.SearchTest<br>Test method: Verify search with valid term and display first 5 product name</td>
<td></td>
<td>6</td>
<td>com.mystore.testcases.SearchTest@791cbf87</td></tr>
<tr>
<td title='com.mystore.testcases.RegistrationTest.verifyValidRegistration()'><b>verifyValidRegistration</b><br>Test class: com.mystore.testcases.RegistrationTest<br>Test method: Verify user registration with valid data (Success Case)<br>Parameters: John, Doe1, johndoe11759930951835@test.com, Test@1234, success, ✅ Registration successful</td>
<td></td>
<td>2</td>
<td>com.mystore.testcases.RegistrationTest@3bde62ff</td></tr>
<tr>
<td title='com.mystore.testcases.RegistrationTest.verifyExistingEmailRegistration()'><b>verifyExistingEmailRegistration</b><br>Test class: com.mystore.testcases.RegistrationTest<br>Test method: Verify registration with already registered email (Error Case)<br>Parameters: , , , , requiredError, ⚠ Required fields error</td>
<td></td>
<td>0</td>
<td>com.mystore.testcases.RegistrationTest@3bde62ff</td></tr>
<tr>
<td title='com.mystore.testcases.RegistrationTest.verifyExistingEmailRegistration()'><b>verifyExistingEmailRegistration</b><br>Test class: com.mystore.testcases.RegistrationTest<br>Test method: Verify registration with already registered email (Error Case)<br>Parameters: John, Doe1, existingemail@test.com, Test@1234, error, ❌ Email already exists</td>
<td></td>
<td>0</td>
<td>com.mystore.testcases.RegistrationTest@3bde62ff</td></tr>
<tr>
<td title='com.mystore.testcases.RegistrationTest.verifyValidRegistration()'><b>verifyValidRegistration</b><br>Test class: com.mystore.testcases.RegistrationTest<br>Test method: Verify user registration with valid data (Success Case)<br>Parameters: John, Doe1, existingemail@test.com, Test@1234, error, ❌ Email already exists</td>
<td></td>
<td>0</td>
<td>com.mystore.testcases.RegistrationTest@3bde62ff</td></tr>
<tr>
<td title='com.mystore.testcases.Login.verifySignInButtonPresence()'><b>verifySignInButtonPresence</b><br>Test class: com.mystore.testcases.Login<br>Test method: Verify SignIn element presence</td>
<td></td>
<td>0</td>
<td>com.mystore.testcases.Login@319dead1</td></tr>
<tr>
<td title='com.mystore.testcases.SearchTest.testInvalidSearchShowsNoResultsMessage()'><b>testInvalidSearchShowsNoResultsMessage</b><br>Test class: com.mystore.testcases.SearchTest<br>Test method: Verify search with invalid term and display search result message</td>
<td></td>
<td>6</td>
<td>com.mystore.testcases.SearchTest@791cbf87</td></tr>
<tr>
<td title='com.mystore.testcases.RegistrationTest.verifyExistingEmailRegistration()'><b>verifyExistingEmailRegistration</b><br>Test class: com.mystore.testcases.RegistrationTest<br>Test method: Verify registration with already registered email (Error Case)<br>Parameters: John, Doe1, johndoe11759930874023@test.com, Test@1234, success, ✅ Registration successful</td>
<td></td>
<td>0</td>
<td>com.mystore.testcases.RegistrationTest@3bde62ff</td></tr>
<tr>
<td title='com.mystore.testcases.RegistrationTest.verifyRequiredFieldValidation()'><b>verifyRequiredFieldValidation</b><br>Test class: com.mystore.testcases.RegistrationTest<br>Test method: Verify registration required field validation (Blank Fields Case)<br>Parameters: John, Doe1, johndoe11759930914439@test.com, Test@1234, success, ✅ Registration successful</td>
<td></td>
<td>0</td>
<td>com.mystore.testcases.RegistrationTest@3bde62ff</td></tr>
<tr>
<td title='com.mystore.testcases.Login.loginWithInValidCredentials()'><b>loginWithInValidCredentials</b><br>Test class: com.mystore.testcases.Login<br>Test method: Verify Login popup with invalid credentials</td>
<td></td>
<td>0</td>
<td>com.mystore.testcases.Login@319dead1</td></tr>
<tr>
<td title='com.mystore.testcases.RegistrationTest.verifyValidRegistration()'><b>verifyValidRegistration</b><br>Test class: com.mystore.testcases.RegistrationTest<br>Test method: Verify user registration with valid data (Success Case)<br>Parameters: , , , , requiredError, ⚠ Required fields error</td>
<td></td>
<td>0</td>
<td>com.mystore.testcases.RegistrationTest@3bde62ff</td></tr>
</table><p>
</body>
</html>