<?xml version="1.0" encoding="UTF-8"?>
<!-- Generated by org.testng.reporters.JUnitXMLReporter -->
<testsuite ignored="17" hostname="DESKTOP-7DEH5DC" failures="0" tests="16" name="Sanity Tests" time="243.23" errors="0" timestamp="2025-11-13T18:37:22 IST">
  <testcase classname="com.mystore.testcases.IndexPageTest" name="verifyLogo" time="0.108"/>
  <testcase classname="com.mystore.testcases.IndexPageTest" name="verifyTitle" time="0.009"/>
  <testcase classname="com.mystore.testcases.IndexPageTest" name="testNavigationToHomeViaLogo" time="1.338"/>
  <testcase classname="com.mystore.testcases.Login" name="verifySignInButtonPresence" time="0.013"/>
  <testcase classname="com.mystore.testcases.Login" name="loginWithValidCredentials" time="2.352"/>
  <testcase classname="com.mystore.testcases.Login" name="loginWithInValidCredentials" time="0.9"/>
  <testcase classname="com.mystore.testcases.SearchTest" name="testValidSearchShowsResults" time="4.884"/>
  <testcase classname="com.mystore.testcases.SearchTest" name="testInvalidSearchShowsNoResultsMessage" time="6.245"/>
  <testcase classname="com.mystore.testcases.RegistrationTest" name="verifyValidRegistration" time="2.267"/>
  <testcase classname="com.mystore.testcases.RegistrationTest" name="verifyExistingEmailRegistration" time="0.711"/>
  <testcase classname="com.mystore.testcases.RegistrationTest" name="verifyRequiredFieldValidation" time="0.222"/>
  <testcase classname="com.mystore.testcases.FetchProductLinksTest" name="fetchAndWriteProductLinks" time="10.433"/>
  <testcase classname="com.mystore.testcases.ProductPageTest" name="verifyProductDetails" time="0.145"/>
  <testcase classname="com.mystore.testcases.ProductPageTest" name="verifyAddToCart" time="0.383"/>
  <testcase classname="com.mystore.testcases.ShoppingCartTest" name="verifyShoppingCartDetails" time="0.019"/>
  <testcase classname="com.mystore.testcases.CheckoutPageTest" name="verifyFullCheckoutFlow" time="81.733"/>
  <testcase classname="com.mystore.base.BaseClass" name="@BeforeTest loadConfig" time="0.0">
    <ignored/>
  </testcase> <!-- @BeforeTest loadConfig -->
  <testcase classname="com.mystore.base.BaseClass" name="@BeforeSuite beforeSuite" time="0.0">
    <ignored/>
  </testcase> <!-- @BeforeSuite beforeSuite -->
  <testcase classname="com.mystore.base.BaseClass" name="@BeforeTest loadConfig" time="0.0">
    <ignored/>
  </testcase> <!-- @BeforeTest loadConfig -->
  <testcase classname="com.mystore.base.BaseClass" name="@BeforeTest loadConfig" time="0.0">
    <ignored/>
  </testcase> <!-- @BeforeTest loadConfig -->
  <testcase classname="com.mystore.base.BaseClass" name="@BeforeSuite beforeSuite" time="0.0">
    <ignored/>
  </testcase> <!-- @BeforeSuite beforeSuite -->
  <testcase classname="com.mystore.base.BaseClass" name="@BeforeSuite beforeSuite" time="0.0">
    <ignored/>
  </testcase> <!-- @BeforeSuite beforeSuite -->
  <testcase classname="com.mystore.base.BaseClass" name="@BeforeTest loadConfig" time="0.0">
    <ignored/>
  </testcase> <!-- @BeforeTest loadConfig -->
  <testcase classname="com.mystore.base.BaseClass" name="@BeforeSuite beforeSuite" time="0.0">
    <ignored/>
  </testcase> <!-- @BeforeSuite beforeSuite -->
  <testcase classname="com.mystore.base.BaseClass" name="@BeforeTest loadConfig" time="0.0">
    <ignored/>
  </testcase> <!-- @BeforeTest loadConfig -->
  <testcase classname="com.mystore.base.BaseClass" name="@AfterTest tearDown" time="0.0">
    <ignored/>
  </testcase> <!-- @AfterTest tearDown -->
  <testcase classname="com.mystore.base.BaseClass" name="@BeforeSuite beforeSuite" time="0.0">
    <ignored/>
  </testcase> <!-- @BeforeSuite beforeSuite -->
  <testcase classname="com.mystore.base.BaseClass" name="@AfterTest tearDown" time="0.0">
    <ignored/>
  </testcase> <!-- @AfterTest tearDown -->
  <testcase classname="com.mystore.base.BaseClass" name="@AfterTest tearDown" time="0.0">
    <ignored/>
  </testcase> <!-- @AfterTest tearDown -->
  <testcase classname="com.mystore.base.BaseClass" name="@BeforeTest loadConfig" time="0.0">
    <ignored/>
  </testcase> <!-- @BeforeTest loadConfig -->
  <testcase classname="com.mystore.base.BaseClass" name="@BeforeSuite beforeSuite" time="0.0">
    <ignored/>
  </testcase> <!-- @BeforeSuite beforeSuite -->
  <testcase classname="com.mystore.base.BaseClass" name="@BeforeTest loadConfig" time="0.0">
    <ignored/>
  </testcase> <!-- @BeforeTest loadConfig -->
  <testcase classname="com.mystore.base.BaseClass" name="@BeforeSuite beforeSuite" time="0.0">
    <ignored/>
  </testcase> <!-- @BeforeSuite beforeSuite -->
</testsuite> <!-- Sanity Tests -->
