<?xml version="1.0" encoding="UTF-8"?>
<!-- Generated by org.testng.reporters.JUnitXMLReporter -->
<testsuite ignored="0" hostname="DESKTOP-7DEH5DC" failures="0" tests="2" name="Default test" time="37.007" errors="0" timestamp="2025-09-30T09:31:38 IST">
  <testcase classname="com.mystore.testcases.SearchTest" name="testInvalidSearchShowsNoResultsMessage" time="6.958"/>
  <testcase classname="com.mystore.testcases.SearchTest" name="testValidSearchShowsResults" time="7.064"/>
</testsuite> <!-- Default test -->
