<?xml version="1.0" encoding="UTF-8"?>
<!-- Generated by org.testng.reporters.JUnitXMLReporter -->
<testsuite ignored="0" hostname="DESKTOP-7DEH5DC" failures="0" tests="4" name="Default test" time="39.364" errors="0" timestamp="2025-10-01T14:41:00 IST">
  <testcase classname="com.mystore.testcases.RegistrationTest" name="registerWithEmptyFields" time="0.249"/>
  <testcase classname="com.mystore.testcases.RegistrationTest" name="registerWithExistingEmail" time="0.896"/>
  <testcase classname="com.mystore.testcases.RegistrationTest" name="registerWithValidData" time="2.428"/>
  <testcase classname="com.mystore.testcases.RegistrationTest" name="verifyCreateAccountButtonIsDisplayed" time="0.173"/>
</testsuite> <!-- Default test -->
