<?xml version="1.0" encoding="UTF-8"?>
<testng-results ignored="3" total="4" passed="0" failed="1" skipped="0">
  <reporter-output>
  </reporter-output>
  <suite started-at="2025-11-03T17:46:45 IST" name="Default suite" finished-at="2025-11-03T17:59:52 IST" duration-ms="787030">
    <groups>
      <group name="system">
        <method signature="IndexPageTest.verifyBrokenLinks()[pri:0, instance:com.mystore.testcases.IndexPageTest@20d525]" name="verifyBrokenLinks" class="com.mystore.testcases.IndexPageTest"/>
      </group> <!-- system -->
    </groups>
    <test started-at="2025-11-03T17:46:45 IST" name="Default test" finished-at="2025-11-03T17:59:52 IST" duration-ms="787030">
      <class name="com.mystore.testcases.IndexPageTest">
        <test-method is-config="true" signature="beforeSuite()[pri:0, instance:com.mystore.testcases.IndexPageTest@20d525]" started-at="2025-11-03T17:46:45 IST" name="beforeSuite" finished-at="2025-11-03T17:46:45 IST" duration-ms="37" status="PASS">
          <reporter-output>
          </reporter-output>
        </test-method> <!-- beforeSuite -->
        <test-method is-config="true" signature="loadConfig()[pri:0, instance:com.mystore.testcases.IndexPageTest@20d525]" started-at="2025-11-03T17:46:45 IST" name="loadConfig" finished-at="2025-11-03T17:46:45 IST" duration-ms="15" status="PASS">
          <reporter-output>
          </reporter-output>
        </test-method> <!-- loadConfig -->
        <test-method is-config="true" signature="setup()[pri:0, instance:com.mystore.testcases.IndexPageTest@20d525]" started-at="2025-11-03T17:46:45 IST" name="setup" finished-at="2025-11-03T17:46:55 IST" duration-ms="9687" status="PASS">
          <reporter-output>
          </reporter-output>
        </test-method> <!-- setup -->
        <test-method signature="verifyBrokenLinks()[pri:0, instance:com.mystore.testcases.IndexPageTest@20d525]" started-at="2025-11-03T17:46:55 IST" name="verifyBrokenLinks" description="Verify there are no broken links on the homepage" finished-at="2025-11-03T17:59:50 IST" duration-ms="775289" status="FAIL">
          <exception class="java.lang.AssertionError">
            <message>
              <![CDATA[Broken links detected on the homepage expected [true] but found [false]]]>
            </message>
            <full-stacktrace>
              <![CDATA[java.lang.AssertionError: Broken links detected on the homepage expected [true] but found [false]
at org.testng.Assert.fail(Assert.java:111)
at org.testng.Assert.failNotEquals(Assert.java:1590)
at org.testng.Assert.assertTrue(Assert.java:57)
at com.mystore.testcases.IndexPageTest.verifyBrokenLinks(IndexPageTest.java:82)
at java.base/jdk.internal.reflect.DirectMethodHandleAccessor.invoke(DirectMethodHandleAccessor.java:103)
at java.base/java.lang.reflect.Method.invoke(Method.java:580)
at org.testng.internal.invokers.MethodInvocationHelper.invokeMethod(MethodInvocationHelper.java:141)
at org.testng.internal.invokers.TestInvoker.invokeMethod(TestInvoker.java:687)
at org.testng.internal.invokers.TestInvoker.invokeTestMethod(TestInvoker.java:230)
at org.testng.internal.invokers.MethodRunner.runInSequence(MethodRunner.java:63)
at org.testng.internal.invokers.TestInvoker$MethodInvocationAgent.invoke(TestInvoker.java:995)
at org.testng.internal.invokers.TestInvoker.invokeTestMethods(TestInvoker.java:203)
at org.testng.internal.invokers.TestMethodWorker.invokeTestMethods(TestMethodWorker.java:154)
at org.testng.internal.invokers.TestMethodWorker.run(TestMethodWorker.java:134)
at java.base/java.util.ArrayList.forEach(ArrayList.java:1596)
at org.testng.TestRunner.privateRun(TestRunner.java:741)
at org.testng.TestRunner.run(TestRunner.java:616)
at org.testng.SuiteRunner.runTest(SuiteRunner.java:421)
at org.testng.SuiteRunner.runSequentially(SuiteRunner.java:413)
at org.testng.SuiteRunner.privateRun(SuiteRunner.java:373)
at org.testng.SuiteRunner.run(SuiteRunner.java:312)
at org.testng.SuiteRunnerWorker.runSuite(SuiteRunnerWorker.java:52)
at org.testng.SuiteRunnerWorker.run(SuiteRunnerWorker.java:95)
at org.testng.TestNG.runSuitesSequentially(TestNG.java:1274)
at org.testng.TestNG.runSuitesLocally(TestNG.java:1208)
at org.testng.TestNG.runSuites(TestNG.java:1112)
at org.testng.TestNG.run(TestNG.java:1079)
at org.testng.remote.AbstractRemoteTestNG.run(AbstractRemoteTestNG.java:115)
at org.testng.remote.RemoteTestNG.initAndRun(RemoteTestNG.java:293)
at org.testng.remote.RemoteTestNG.main(RemoteTestNG.java:91)
]]>
            </full-stacktrace>
          </exception> <!-- java.lang.AssertionError -->
          <reporter-output>
          </reporter-output>
        </test-method> <!-- verifyBrokenLinks -->
        <test-method is-config="true" signature="tearDown()[pri:0, instance:com.mystore.testcases.IndexPageTest@20d525]" started-at="2025-11-03T17:59:50 IST" name="tearDown" finished-at="2025-11-03T17:59:52 IST" duration-ms="1519" status="PASS">
          <reporter-output>
          </reporter-output>
        </test-method> <!-- tearDown -->
      </class> <!-- com.mystore.testcases.IndexPageTest -->
    </test> <!-- Default test -->
  </suite> <!-- Default suite -->
</testng-results>
