<?xml version="1.0" encoding="UTF-8"?>
<testng-results ignored="0" total="16" passed="15" failed="1" skipped="0">
  <reporter-output>
  </reporter-output>
  <suite started-at="2025-11-19T17:20:13 IST" name="MyStore Automation Suite" finished-at="2025-11-19T17:23:19 IST" duration-ms="185546">
    <groups>
      <group name="unit">
        <method signature="Login.verifySignInButtonPresence()[pri:1, instance:com.mystore.testcases.Login@5be49b60]" name="verifySignInButtonPresence" class="com.mystore.testcases.Login"/>
      </group> <!-- unit -->
      <group name="smoke">
        <method signature="IndexPageTest.verifyLogo()[pri:1, instance:com.mystore.testcases.IndexPageTest@4e31276e]" name="verifyLogo" class="com.mystore.testcases.IndexPageTest"/>
        <method signature="IndexPageTest.verifyTitle()[pri:2, instance:com.mystore.testcases.IndexPageTest@4e31276e]" name="verifyTitle" class="com.mystore.testcases.IndexPageTest"/>
        <method signature="IndexPageTest.testNavigationToHomeViaLogo()[pri:3, instance:com.mystore.testcases.IndexPageTest@4e31276e]" name="testNavigationToHomeViaLogo" class="com.mystore.testcases.IndexPageTest"/>
      </group> <!-- smoke -->
      <group name="sanity">
        <method signature="IndexPageTest.verifyLogo()[pri:1, instance:com.mystore.testcases.IndexPageTest@4e31276e]" name="verifyLogo" class="com.mystore.testcases.IndexPageTest"/>
        <method signature="SearchTest.testValidSearchShowsResults()[pri:1, instance:com.mystore.testcases.SearchTest@2931522b]" name="testValidSearchShowsResults" class="com.mystore.testcases.SearchTest"/>
        <method signature="IndexPageTest.verifyTitle()[pri:2, instance:com.mystore.testcases.IndexPageTest@4e31276e]" name="verifyTitle" class="com.mystore.testcases.IndexPageTest"/>
        <method signature="Login.loginWithValidCredentials(java.lang.String,java.lang.String)[pri:2, instance:com.mystore.testcases.Login@5be49b60]" name="loginWithValidCredentials" class="com.mystore.testcases.Login"/>
        <method signature="SearchTest.testInvalidSearchShowsNoResultsMessage()[pri:2, instance:com.mystore.testcases.SearchTest@2931522b]" name="testInvalidSearchShowsNoResultsMessage" class="com.mystore.testcases.SearchTest"/>
        <method signature="IndexPageTest.testNavigationToHomeViaLogo()[pri:3, instance:com.mystore.testcases.IndexPageTest@4e31276e]" name="testNavigationToHomeViaLogo" class="com.mystore.testcases.IndexPageTest"/>
        <method signature="Login.loginWithInValidCredentials()[pri:3, instance:com.mystore.testcases.Login@5be49b60]" name="loginWithInValidCredentials" class="com.mystore.testcases.Login"/>
      </group> <!-- sanity -->
    </groups>
    <test started-at="2025-11-19T17:20:13 IST" name="Sanity Tests" finished-at="2025-11-19T17:23:19 IST" duration-ms="185546">
      <class name="com.mystore.testcases.ProductPageTest">
        <test-method is-config="true" signature="setup()[pri:0, instance:com.mystore.testcases.ProductPageTest@cf65451]" started-at="2025-11-19T17:21:50 IST" name="setup" finished-at="2025-11-19T17:22:00 IST" duration-ms="9424" status="PASS">
          <reporter-output>
          </reporter-output>
        </test-method> <!-- setup -->
        <test-method signature="verifyProductDetails()[pri:1, instance:com.mystore.testcases.ProductPageTest@cf65451]" started-at="2025-11-19T17:22:00 IST" name="verifyProductDetails" description="Product Detail page : Verify product title, SKU, and price" finished-at="2025-11-19T17:22:00 IST" duration-ms="79" status="PASS">
          <reporter-output>
          </reporter-output>
        </test-method> <!-- verifyProductDetails -->
        <test-method signature="verifyAddToCart()[pri:2, instance:com.mystore.testcases.ProductPageTest@cf65451]" started-at="2025-11-19T17:22:00 IST" name="verifyAddToCart" description="Product Detail Page : Verify Add to Cart functionality" finished-at="2025-11-19T17:22:00 IST" duration-ms="372" status="PASS">
          <reporter-output>
          </reporter-output>
        </test-method> <!-- verifyAddToCart -->
      </class> <!-- com.mystore.testcases.ProductPageTest -->
      <class name="com.mystore.testcases.CheckoutPageTest">
        <test-method signature="verifyFullCheckoutFlow()[pri:1, instance:com.mystore.testcases.CheckoutPageTest@37eeec90]" started-at="2025-11-19T17:22:12 IST" name="verifyFullCheckoutFlow" description="Verify full checkout flow" finished-at="2025-11-19T17:23:18 IST" duration-ms="66132" status="PASS">
          <reporter-output>
          </reporter-output>
        </test-method> <!-- verifyFullCheckoutFlow -->
      </class> <!-- com.mystore.testcases.CheckoutPageTest -->
      <class name="com.mystore.testcases.RegistrationTest">
        <test-method is-config="true" signature="setup()[pri:0, instance:com.mystore.testcases.RegistrationTest@114a85c2]" started-at="2025-11-19T17:21:09 IST" name="setup" finished-at="2025-11-19T17:21:14 IST" duration-ms="4712" status="PASS">
          <reporter-output>
          </reporter-output>
        </test-method> <!-- setup -->
        <test-method signature="verifyValidRegistration()[pri:1, instance:com.mystore.testcases.RegistrationTest@114a85c2]" started-at="2025-11-19T17:21:14 IST" name="verifyValidRegistration" description="Registration : Verify user registration with valid data" finished-at="2025-11-19T17:21:21 IST" duration-ms="7675" status="PASS">
          <reporter-output>
          </reporter-output>
        </test-method> <!-- verifyValidRegistration -->
        <test-method is-config="true" signature="tearDown()[pri:0, instance:com.mystore.testcases.RegistrationTest@114a85c2]" started-at="2025-11-19T17:21:21 IST" name="tearDown" finished-at="2025-11-19T17:21:22 IST" duration-ms="199" status="PASS">
          <reporter-output>
          </reporter-output>
        </test-method> <!-- tearDown -->
        <test-method is-config="true" signature="setup()[pri:0, instance:com.mystore.testcases.RegistrationTest@114a85c2]" started-at="2025-11-19T17:21:22 IST" name="setup" finished-at="2025-11-19T17:21:27 IST" duration-ms="5000" status="PASS">
          <reporter-output>
          </reporter-output>
        </test-method> <!-- setup -->
        <test-method signature="verifyExistingEmailRegistration()[pri:2, instance:com.mystore.testcases.RegistrationTest@114a85c2]" started-at="2025-11-19T17:21:27 IST" name="verifyExistingEmailRegistration" description="Registration : Verify registration with already registered email" finished-at="2025-11-19T17:21:33 IST" duration-ms="6047" status="PASS">
          <reporter-output>
          </reporter-output>
        </test-method> <!-- verifyExistingEmailRegistration -->
        <test-method is-config="true" signature="tearDown()[pri:0, instance:com.mystore.testcases.RegistrationTest@114a85c2]" started-at="2025-11-19T17:21:33 IST" name="tearDown" finished-at="2025-11-19T17:21:33 IST" duration-ms="190" status="PASS">
          <reporter-output>
          </reporter-output>
        </test-method> <!-- tearDown -->
        <test-method is-config="true" signature="setup()[pri:0, instance:com.mystore.testcases.RegistrationTest@114a85c2]" started-at="2025-11-19T17:21:33 IST" name="setup" finished-at="2025-11-19T17:21:38 IST" duration-ms="4825" status="PASS">
          <reporter-output>
          </reporter-output>
        </test-method> <!-- setup -->
        <test-method signature="verifyRequiredFieldValidation()[pri:3, instance:com.mystore.testcases.RegistrationTest@114a85c2]" started-at="2025-11-19T17:21:38 IST" name="verifyRequiredFieldValidation" description="Registration : Verify required field validation" finished-at="2025-11-19T17:21:43 IST" duration-ms="5228" status="PASS">
          <reporter-output>
          </reporter-output>
        </test-method> <!-- verifyRequiredFieldValidation -->
        <test-method is-config="true" signature="tearDown()[pri:0, instance:com.mystore.testcases.RegistrationTest@114a85c2]" started-at="2025-11-19T17:21:43 IST" name="tearDown" finished-at="2025-11-19T17:21:43 IST" duration-ms="224" status="PASS">
          <reporter-output>
          </reporter-output>
        </test-method> <!-- tearDown -->
      </class> <!-- com.mystore.testcases.RegistrationTest -->
      <class name="com.mystore.testcases.SearchTest">
        <test-method is-config="true" signature="setUp()[pri:0, instance:com.mystore.testcases.SearchTest@2931522b]" started-at="2025-11-19T17:20:53 IST" name="setUp" finished-at="2025-11-19T17:20:57 IST" duration-ms="4001" status="PASS">
          <reporter-output>
          </reporter-output>
        </test-method> <!-- setUp -->
        <test-method signature="testValidSearchShowsResults()[pri:1, instance:com.mystore.testcases.SearchTest@2931522b]" started-at="2025-11-19T17:20:57 IST" name="testValidSearchShowsResults" description="Verify search with valid term and display first 5 product name" finished-at="2025-11-19T17:21:01 IST" duration-ms="3950" status="PASS">
          <reporter-output>
          </reporter-output>
        </test-method> <!-- testValidSearchShowsResults -->
        <test-method is-config="true" signature="tearDown()[pri:0, instance:com.mystore.testcases.SearchTest@2931522b]" started-at="2025-11-19T17:21:01 IST" name="tearDown" finished-at="2025-11-19T17:21:01 IST" duration-ms="247" status="PASS">
          <reporter-output>
          </reporter-output>
        </test-method> <!-- tearDown -->
        <test-method is-config="true" signature="tearDownTest()[pri:0, instance:com.mystore.testcases.SearchTest@2931522b]" started-at="2025-11-19T17:21:01 IST" name="tearDownTest" finished-at="2025-11-19T17:21:01 IST" duration-ms="0" status="PASS">
          <reporter-output>
          </reporter-output>
        </test-method> <!-- tearDownTest -->
        <test-method is-config="true" signature="setUp()[pri:0, instance:com.mystore.testcases.SearchTest@2931522b]" started-at="2025-11-19T17:21:01 IST" name="setUp" finished-at="2025-11-19T17:21:05 IST" duration-ms="3704" status="PASS">
          <reporter-output>
          </reporter-output>
        </test-method> <!-- setUp -->
        <test-method signature="testInvalidSearchShowsNoResultsMessage()[pri:2, instance:com.mystore.testcases.SearchTest@2931522b]" started-at="2025-11-19T17:21:05 IST" name="testInvalidSearchShowsNoResultsMessage" description="Verify search with invalid term and display search result message" finished-at="2025-11-19T17:21:09 IST" duration-ms="3965" status="PASS">
          <reporter-output>
          </reporter-output>
        </test-method> <!-- testInvalidSearchShowsNoResultsMessage -->
        <test-method is-config="true" signature="tearDown()[pri:0, instance:com.mystore.testcases.SearchTest@2931522b]" started-at="2025-11-19T17:21:09 IST" name="tearDown" finished-at="2025-11-19T17:21:09 IST" duration-ms="189" status="PASS">
          <reporter-output>
          </reporter-output>
        </test-method> <!-- tearDown -->
        <test-method is-config="true" signature="tearDownTest()[pri:0, instance:com.mystore.testcases.SearchTest@2931522b]" started-at="2025-11-19T17:21:09 IST" name="tearDownTest" finished-at="2025-11-19T17:21:09 IST" duration-ms="0" status="PASS">
          <reporter-output>
          </reporter-output>
        </test-method> <!-- tearDownTest -->
      </class> <!-- com.mystore.testcases.SearchTest -->
      <class name="com.mystore.testcases.IndexPageTest">
        <test-method is-config="true" signature="beforeSuite()[pri:0, instance:com.mystore.testcases.IndexPageTest@4e31276e]" started-at="2025-11-19T17:20:13 IST" name="beforeSuite" finished-at="2025-11-19T17:20:13 IST" duration-ms="36" status="PASS">
          <reporter-output>
          </reporter-output>
        </test-method> <!-- beforeSuite -->
        <test-method is-config="true" signature="loadConfig()[pri:0, instance:com.mystore.testcases.IndexPageTest@4e31276e]" started-at="2025-11-19T17:20:13 IST" name="loadConfig" finished-at="2025-11-19T17:20:13 IST" duration-ms="1" status="PASS">
          <reporter-output>
          </reporter-output>
        </test-method> <!-- loadConfig -->
        <test-method is-config="true" signature="setup()[pri:0, instance:com.mystore.testcases.IndexPageTest@4e31276e]" started-at="2025-11-19T17:20:13 IST" name="setup" finished-at="2025-11-19T17:20:18 IST" duration-ms="5293" status="PASS">
          <reporter-output>
          </reporter-output>
        </test-method> <!-- setup -->
        <test-method signature="verifyLogo()[pri:1, instance:com.mystore.testcases.IndexPageTest@4e31276e]" started-at="2025-11-19T17:20:18 IST" name="verifyLogo" description="HomePage : Verify the homepage logo" finished-at="2025-11-19T17:20:18 IST" duration-ms="86" status="PASS">
          <reporter-output>
          </reporter-output>
        </test-method> <!-- verifyLogo -->
        <test-method is-config="true" signature="tearDown()[pri:0, instance:com.mystore.testcases.IndexPageTest@4e31276e]" started-at="2025-11-19T17:20:18 IST" name="tearDown" finished-at="2025-11-19T17:20:19 IST" duration-ms="210" status="PASS">
          <reporter-output>
          </reporter-output>
        </test-method> <!-- tearDown -->
        <test-method is-config="true" signature="setup()[pri:0, instance:com.mystore.testcases.IndexPageTest@4e31276e]" started-at="2025-11-19T17:20:19 IST" name="setup" finished-at="2025-11-19T17:20:23 IST" duration-ms="4142" status="PASS">
          <reporter-output>
          </reporter-output>
        </test-method> <!-- setup -->
        <test-method signature="verifyTitle()[pri:2, instance:com.mystore.testcases.IndexPageTest@4e31276e]" started-at="2025-11-19T17:20:23 IST" name="verifyTitle" description="HomePage : Verify the homepage title" finished-at="2025-11-19T17:20:23 IST" duration-ms="15" status="PASS">
          <reporter-output>
          </reporter-output>
        </test-method> <!-- verifyTitle -->
        <test-method is-config="true" signature="tearDown()[pri:0, instance:com.mystore.testcases.IndexPageTest@4e31276e]" started-at="2025-11-19T17:20:23 IST" name="tearDown" finished-at="2025-11-19T17:20:23 IST" duration-ms="153" status="PASS">
          <reporter-output>
          </reporter-output>
        </test-method> <!-- tearDown -->
        <test-method is-config="true" signature="setup()[pri:0, instance:com.mystore.testcases.IndexPageTest@4e31276e]" started-at="2025-11-19T17:20:23 IST" name="setup" finished-at="2025-11-19T17:20:27 IST" duration-ms="4426" status="PASS">
          <reporter-output>
          </reporter-output>
        </test-method> <!-- setup -->
        <test-method signature="testNavigationToHomeViaLogo()[pri:3, instance:com.mystore.testcases.IndexPageTest@4e31276e]" started-at="2025-11-19T17:20:27 IST" name="testNavigationToHomeViaLogo" description="HomePage : Verify navigation to homepage via logo" finished-at="2025-11-19T17:20:28 IST" duration-ms="1032" status="PASS">
          <reporter-output>
          </reporter-output>
        </test-method> <!-- testNavigationToHomeViaLogo -->
        <test-method is-config="true" signature="tearDown()[pri:0, instance:com.mystore.testcases.IndexPageTest@4e31276e]" started-at="2025-11-19T17:20:28 IST" name="tearDown" finished-at="2025-11-19T17:20:29 IST" duration-ms="205" status="PASS">
          <reporter-output>
          </reporter-output>
        </test-method> <!-- tearDown -->
      </class> <!-- com.mystore.testcases.IndexPageTest -->
      <class name="com.mystore.testcases.ShoppingCartTest">
        <test-method is-config="true" signature="setup()[pri:0, instance:com.mystore.testcases.ShoppingCartTest@724f138e]" started-at="2025-11-19T17:22:00 IST" name="setup" finished-at="2025-11-19T17:22:12 IST" duration-ms="11426" status="PASS">
          <reporter-output>
          </reporter-output>
        </test-method> <!-- setup -->
        <test-method signature="verifyShoppingCartDetails()[pri:0, instance:com.mystore.testcases.ShoppingCartTest@724f138e]" started-at="2025-11-19T17:22:12 IST" name="verifyShoppingCartDetails" description="Shopping Cart : Validate product and prices in Shopping Cart match Product Page" finished-at="2025-11-19T17:22:12 IST" duration-ms="266" status="FAIL">
          <exception class="java.lang.AssertionError">
            <message>
              <![CDATA[❌ Product title mismatch between product page and cart expected [Santa Hats On Pink] but found [Shopping Cart]]]>
            </message>
            <full-stacktrace>
              <![CDATA[java.lang.AssertionError: ❌ Product title mismatch between product page and cart expected [Santa Hats On Pink] but found [Shopping Cart]
at org.testng.Assert.fail(Assert.java:111)
at org.testng.Assert.failNotEquals(Assert.java:1590)
at org.testng.Assert.assertEqualsImpl(Assert.java:150)
at org.testng.Assert.assertEquals(Assert.java:132)
at org.testng.Assert.assertEquals(Assert.java:656)
at com.mystore.testcases.ShoppingCartTest.verifyShoppingCartDetails(ShoppingCartTest.java:78)
at java.base/jdk.internal.reflect.DirectMethodHandleAccessor.invoke(DirectMethodHandleAccessor.java:103)
at java.base/java.lang.reflect.Method.invoke(Method.java:580)
at org.testng.internal.invokers.MethodInvocationHelper.invokeMethod(MethodInvocationHelper.java:141)
at org.testng.internal.invokers.TestInvoker.invokeMethod(TestInvoker.java:687)
at org.testng.internal.invokers.TestInvoker.invokeTestMethod(TestInvoker.java:230)
at org.testng.internal.invokers.MethodRunner.runInSequence(MethodRunner.java:63)
at org.testng.internal.invokers.TestInvoker$MethodInvocationAgent.invoke(TestInvoker.java:995)
at org.testng.internal.invokers.TestInvoker.invokeTestMethods(TestInvoker.java:203)
at org.testng.internal.invokers.TestMethodWorker.invokeTestMethods(TestMethodWorker.java:154)
at org.testng.internal.invokers.TestMethodWorker.run(TestMethodWorker.java:134)
at java.base/java.util.ArrayList.forEach(ArrayList.java:1596)
at org.testng.TestRunner.privateRun(TestRunner.java:741)
at org.testng.TestRunner.run(TestRunner.java:616)
at org.testng.SuiteRunner.runTest(SuiteRunner.java:421)
at org.testng.SuiteRunner.runSequentially(SuiteRunner.java:413)
at org.testng.SuiteRunner.privateRun(SuiteRunner.java:373)
at org.testng.SuiteRunner.run(SuiteRunner.java:312)
at org.testng.SuiteRunnerWorker.runSuite(SuiteRunnerWorker.java:52)
at org.testng.SuiteRunnerWorker.run(SuiteRunnerWorker.java:95)
at org.testng.TestNG.runSuitesSequentially(TestNG.java:1274)
at org.testng.TestNG.runSuitesLocally(TestNG.java:1208)
at org.testng.TestNG.runSuites(TestNG.java:1112)
at org.testng.TestNG.run(TestNG.java:1079)
at org.testng.remote.AbstractRemoteTestNG.run(AbstractRemoteTestNG.java:115)
at org.testng.remote.RemoteTestNG.initAndRun(RemoteTestNG.java:293)
at org.testng.remote.RemoteTestNG.main(RemoteTestNG.java:91)
]]>
            </full-stacktrace>
          </exception> <!-- java.lang.AssertionError -->
          <reporter-output>
          </reporter-output>
        </test-method> <!-- verifyShoppingCartDetails -->
      </class> <!-- com.mystore.testcases.ShoppingCartTest -->
      <class name="com.mystore.testcases.FetchProductLinksTest">
        <test-method signature="fetchAndWriteProductLinks()[pri:0, instance:com.mystore.testcases.FetchProductLinksTest@f415a95]" started-at="2025-11-19T17:21:43 IST" name="fetchAndWriteProductLinks" description="Product listing page (New): Fetch product links and append in the excelsheet" finished-at="2025-11-19T17:21:50 IST" duration-ms="7065" status="PASS">
          <reporter-output>
          </reporter-output>
        </test-method> <!-- fetchAndWriteProductLinks -->
        <test-method is-config="true" signature="tearDown()[pri:0, instance:com.mystore.testcases.FetchProductLinksTest@f415a95]" started-at="2025-11-19T17:23:18 IST" name="tearDown" finished-at="2025-11-19T17:23:19 IST" duration-ms="362" status="PASS">
          <reporter-output>
          </reporter-output>
        </test-method> <!-- tearDown -->
      </class> <!-- com.mystore.testcases.FetchProductLinksTest -->
      <class name="com.mystore.testcases.Login">
        <test-method is-config="true" signature="setup()[pri:0, instance:com.mystore.testcases.Login@5be49b60]" started-at="2025-11-19T17:20:29 IST" name="setup" finished-at="2025-11-19T17:20:34 IST" duration-ms="5478" status="PASS">
          <reporter-output>
          </reporter-output>
        </test-method> <!-- setup -->
        <test-method signature="verifySignInButtonPresence()[pri:1, instance:com.mystore.testcases.Login@5be49b60]" started-at="2025-11-19T17:20:34 IST" name="verifySignInButtonPresence" description="Login : Verify SignIn element presence" finished-at="2025-11-19T17:20:34 IST" duration-ms="18" status="PASS">
          <reporter-output>
          </reporter-output>
        </test-method> <!-- verifySignInButtonPresence -->
        <test-method is-config="true" signature="tearDown()[pri:0, instance:com.mystore.testcases.Login@5be49b60]" started-at="2025-11-19T17:20:34 IST" name="tearDown" finished-at="2025-11-19T17:20:34 IST" duration-ms="126" status="PASS">
          <reporter-output>
          </reporter-output>
        </test-method> <!-- tearDown -->
        <test-method is-config="true" signature="setup()[pri:0, instance:com.mystore.testcases.Login@5be49b60]" started-at="2025-11-19T17:20:35 IST" name="setup" finished-at="2025-11-19T17:20:40 IST" duration-ms="5142" status="PASS">
          <reporter-output>
          </reporter-output>
        </test-method> <!-- setup -->
        <test-method signature="loginWithValidCredentials(java.lang.String,java.lang.String)[pri:2, instance:com.mystore.testcases.Login@5be49b60]" started-at="2025-11-19T17:20:40 IST" name="loginWithValidCredentials" description="Login : Verify Login popup with valid credentials" data-provider="Credentials" finished-at="2025-11-19T17:20:46 IST" duration-ms="5599" status="PASS">
          <params>
            <param index="0">
              <value>
                <![CDATA[priti.kasar@magnetoitsolutions.com]]>
              </value>
            </param>
            <param index="1">
              <value>
                <![CDATA[Priti@123]]>
              </value>
            </param>
          </params>
          <reporter-output>
          </reporter-output>
        </test-method> <!-- loginWithValidCredentials -->
        <test-method is-config="true" signature="tearDown()[pri:0, instance:com.mystore.testcases.Login@5be49b60]" started-at="2025-11-19T17:20:46 IST" name="tearDown" finished-at="2025-11-19T17:20:46 IST" duration-ms="230" status="PASS">
          <reporter-output>
          </reporter-output>
        </test-method> <!-- tearDown -->
        <test-method is-config="true" signature="setup()[pri:0, instance:com.mystore.testcases.Login@5be49b60]" started-at="2025-11-19T17:20:46 IST" name="setup" finished-at="2025-11-19T17:20:51 IST" duration-ms="5331" status="PASS">
          <reporter-output>
          </reporter-output>
        </test-method> <!-- setup -->
        <test-method signature="loginWithInValidCredentials()[pri:3, instance:com.mystore.testcases.Login@5be49b60]" started-at="2025-11-19T17:20:51 IST" name="loginWithInValidCredentials" description="Login : Verify Login popup with invalid credentials" finished-at="2025-11-19T17:20:53 IST" duration-ms="1527" status="PASS">
          <reporter-output>
          </reporter-output>
        </test-method> <!-- loginWithInValidCredentials -->
        <test-method is-config="true" signature="tearDown()[pri:0, instance:com.mystore.testcases.Login@5be49b60]" started-at="2025-11-19T17:20:53 IST" name="tearDown" finished-at="2025-11-19T17:20:53 IST" duration-ms="340" status="PASS">
          <reporter-output>
          </reporter-output>
        </test-method> <!-- tearDown -->
      </class> <!-- com.mystore.testcases.Login -->
    </test> <!-- Sanity Tests -->
  </suite> <!-- MyStore Automation Suite -->
</testng-results>
