<?xml version="1.0" encoding="UTF-8"?>
<!-- Generated by org.testng.reporters.JUnitReportReporter -->
<testsuite hostname="DESKTOP-7DEH5DC" failures="0" tests="4" name="com.mystore.testcases.RegistrationTest" time="37.064" errors="0" timestamp="2025-10-01T14:41:01 IST" skipped="0">
  <testcase classname="com.mystore.testcases.RegistrationTest" name="registerWithValidData" time="9.682"/>
  <testcase classname="com.mystore.testcases.RegistrationTest" name="registerWithEmptyFields" time="8.763"/>
  <testcase classname="com.mystore.testcases.RegistrationTest" name="verifyCreateAccountButtonIsDisplayed" time="10.352"/>
  <testcase classname="com.mystore.testcases.RegistrationTest" name="registerWithExistingEmail" time="8.267"/>
</testsuite> <!-- com.mystore.testcases.RegistrationTest -->
