<?xml version="1.0" encoding="UTF-8"?>
<!-- Generated by org.testng.reporters.JUnitReportReporter -->
<testsuite hostname="DESKTOP-7DEH5DC" failures="0" tests="3" name="com.mystore.testcases.Login" time="30.616" errors="0" timestamp="2025-11-13T18:37:45 IST" skipped="0">
  <testcase classname="com.mystore.testcases.Login" name="verifySignInButtonPresence" time="9.109"/>
  <testcase classname="com.mystore.testcases.Login" name="loginWithValidCredentials" time="11.582"/>
  <testcase classname="com.mystore.testcases.Login" name="loginWithInValidCredentials" time="9.925"/>
</testsuite> <!-- com.mystore.testcases.Login -->
