<?xml version="1.0" encoding="UTF-8"?>
<!-- Generated by org.testng.reporters.JUnitReportReporter -->
<testsuite hostname="DESKTOP-7DEH5DC" failures="0" tests="2" name="com.mystore.testcases.ProductPageTest" time="0.528" errors="0" timestamp="2025-11-13T18:37:45 IST" skipped="0">
  <testcase classname="com.mystore.testcases.ProductPageTest" name="verifyProductDetails" time="0.145"/>
  <testcase classname="com.mystore.testcases.ProductPageTest" name="verifyAddToCart" time="0.383"/>
</testsuite> <!-- com.mystore.testcases.ProductPageTest -->
