<?xml version="1.0" encoding="UTF-8"?>
<!-- Generated by org.testng.reporters.JUnitReportReporter -->
<testsuite hostname="DESKTOP-7DEH5DC" failures="0" tests="2" name="com.mystore.testcases.SearchTest" time="26.949" errors="0" timestamp="2025-10-31T22:39:12 IST" skipped="0">
  <testcase classname="com.mystore.testcases.SearchTest" name="testValidSearchShowsResults" time="11.789"/>
  <testcase classname="com.mystore.testcases.SearchTest" name="testInvalidSearchShowsNoResultsMessage" time="15.160"/>
</testsuite> <!-- com.mystore.testcases.SearchTest -->
