<?xml version="1.0" encoding="UTF-8"?>
<!-- Generated by org.testng.reporters.JUnitReportReporter -->
<testsuite hostname="DESKTOP-7DEH5DC" failures="0" tests="2" name="com.mystore.testcases.SearchTest" time="27.732" errors="0" timestamp="2025-11-13T18:37:45 IST" skipped="0">
  <testcase classname="com.mystore.testcases.SearchTest" name="testValidSearchShowsResults" time="13.042"/>
  <testcase classname="com.mystore.testcases.SearchTest" name="testInvalidSearchShowsNoResultsMessage" time="14.690"/>
</testsuite> <!-- com.mystore.testcases.SearchTest -->
