<?xml version="1.0" encoding="UTF-8"?>
<!-- Generated by org.testng.reporters.JUnitReportReporter -->
<testsuite hostname="DESKTOP-7DEH5DC" failures="0" tests="3" name="com.mystore.testcases.RegistrationTest" time="29.195" errors="0" timestamp="2025-11-13T18:37:45 IST" skipped="0">
  <testcase classname="com.mystore.testcases.RegistrationTest" name="verifyValidRegistration" time="11.718"/>
  <testcase classname="com.mystore.testcases.RegistrationTest" name="verifyExistingEmailRegistration" time="9.009"/>
  <testcase classname="com.mystore.testcases.RegistrationTest" name="verifyRequiredFieldValidation" time="8.468"/>
</testsuite> <!-- com.mystore.testcases.RegistrationTest -->
