<?xml version="1.0" encoding="UTF-8"?>
<!-- Generated by org.testng.reporters.JUnitReportReporter -->
<testsuite hostname="DESKTOP-7DEH5DC" failures="0" tests="3" name="com.mystore.testcases.IndexPageTest" time="28.425" errors="0" timestamp="2025-11-13T18:37:45 IST" skipped="0">
  <testcase classname="com.mystore.testcases.IndexPageTest" name="verifyLogo" time="11.008"/>
  <testcase classname="com.mystore.testcases.IndexPageTest" name="verifyTitle" time="7.649"/>
  <testcase classname="com.mystore.testcases.IndexPageTest" name="testNavigationToHomeViaLogo" time="9.768"/>
</testsuite> <!-- com.mystore.testcases.IndexPageTest -->
