<?xml version="1.0" encoding="UTF-8"?>
<!-- Generated by org.testng.reporters.JUnitReportReporter -->
<testsuite hostname="DESKTOP-7DEH5DC" failures="0" tests="3" name="com.mystore.testcases.Login" time="33.577" errors="0" timestamp="2025-10-31T22:39:12 IST" skipped="0">
  <testcase classname="com.mystore.testcases.Login" name="verifySignInButtonPresence" time="9.672"/>
  <testcase classname="com.mystore.testcases.Login" name="loginWithValidCredentials" time="12.366"/>
  <testcase classname="com.mystore.testcases.Login" name="loginWithInValidCredentials" time="11.539"/>
</testsuite> <!-- com.mystore.testcases.Login -->
