<?xml version="1.0" encoding="UTF-8"?>
<!-- Generated by org.testng.reporters.JUnitXMLReporter -->
<testsuite ignored="10" hostname="DESKTOP-7DEH5DC" failures="3" tests="3" name="SanityTests" time="0.142" errors="0" timestamp="2025-10-01T14:32:51 IST">
  <testcase classname="com.mystore.testcases.IndexPageTest" name="testNavigationToHomeViaLogo" time="0.073">
    <failure type="java.lang.NullPointerException" message="Cannot invoke &amp;quot;org.openqa.selenium.SearchContext.findElement(org.openqa.selenium.By)&amp;quot; because &amp;quot;this.searchContext&amp;quot; is null">
      <![CDATA[java.lang.NullPointerException: Cannot invoke "org.openqa.selenium.SearchContext.findElement(org.openqa.selenium.By)" because "this.searchContext" is null
at org.openqa.selenium.support.pagefactory.DefaultElementLocator.findElement(DefaultElementLocator.java:68)
at org.openqa.selenium.support.pagefactory.internal.LocatingElementHandler.invoke(LocatingElementHandler.java:38)
at jdk.proxy2/jdk.proxy2.$Proxy12.isDisplayed(Unknown Source)
at org.openqa.selenium.support.ui.ExpectedConditions.elementIfVisible(ExpectedConditions.java:304)
at org.openqa.selenium.support.ui.ExpectedConditions$10.apply(ExpectedConditions.java:290)
at org.openqa.selenium.support.ui.ExpectedConditions$10.apply(ExpectedConditions.java:287)
at org.openqa.selenium.support.ui.ExpectedConditions$23.apply(ExpectedConditions.java:656)
at org.openqa.selenium.support.ui.ExpectedConditions$23.apply(ExpectedConditions.java:652)
at org.openqa.selenium.support.ui.FluentWait.until(FluentWait.java:203)
at com.mystore.page.HomePage.clickLogo(HomePage.java:134)
at com.mystore.testcases.IndexPageTest.testNavigationToHomeViaLogo(IndexPageTest.java:58)
at java.base/java.util.ArrayList.forEach(ArrayList.java:1596)
... Removed 25 stack frames]]>
    </failure>
  </testcase> <!-- testNavigationToHomeViaLogo -->
  <testcase classname="com.mystore.testcases.IndexPageTest" name="verifyLogo" time="0.002">
    <failure type="java.lang.NullPointerException" message="Cannot invoke &amp;quot;org.openqa.selenium.SearchContext.findElement(org.openqa.selenium.By)&amp;quot; because &amp;quot;this.searchContext&amp;quot; is null">
      <![CDATA[java.lang.NullPointerException: Cannot invoke "org.openqa.selenium.SearchContext.findElement(org.openqa.selenium.By)" because "this.searchContext" is null
at org.openqa.selenium.support.pagefactory.DefaultElementLocator.findElement(DefaultElementLocator.java:68)
at org.openqa.selenium.support.pagefactory.internal.LocatingElementHandler.invoke(LocatingElementHandler.java:38)
at jdk.proxy2/jdk.proxy2.$Proxy12.isDisplayed(Unknown Source)
at com.mystore.page.HomePage.verifyLogo(HomePage.java:139)
at com.mystore.testcases.IndexPageTest.verifyLogo(IndexPageTest.java:36)
at java.base/java.util.ArrayList.forEach(ArrayList.java:1596)
... Removed 25 stack frames]]>
    </failure>
  </testcase> <!-- verifyLogo -->
  <testcase classname="com.mystore.testcases.IndexPageTest" name="verifyTitle" time="0.003">
    <failure type="java.lang.NullPointerException" message="Cannot invoke &amp;quot;org.openqa.selenium.WebDriver.getTitle()&amp;quot; because &amp;quot;this.driver&amp;quot; is null">
      <![CDATA[java.lang.NullPointerException: Cannot invoke "org.openqa.selenium.WebDriver.getTitle()" because "this.driver" is null
at com.mystore.page.HomePage.verifyTitle(HomePage.java:145)
at com.mystore.testcases.IndexPageTest.verifyTitle(IndexPageTest.java:43)
at java.base/java.util.ArrayList.forEach(ArrayList.java:1596)
... Removed 25 stack frames]]>
    </failure>
  </testcase> <!-- verifyTitle -->
  <testcase classname="com.mystore.testcases.SearchTest" name="testValidSearchShowsResults" time="0.0">
    <ignored/>
  </testcase> <!-- testValidSearchShowsResults -->
  <testcase classname="com.mystore.testcases.IndexPageTest" name="verifyBrokenLinks" time="0.0">
    <ignored/>
  </testcase> <!-- verifyBrokenLinks -->
  <testcase classname="com.mystore.testcases.Login" name="verifySignInButtonPresence" time="0.0">
    <ignored/>
  </testcase> <!-- verifySignInButtonPresence -->
  <testcase classname="com.mystore.testcases.SearchTest" name="testInvalidSearchShowsNoResultsMessage" time="0.0">
    <ignored/>
  </testcase> <!-- testInvalidSearchShowsNoResultsMessage -->
  <testcase classname="com.mystore.testcases.Login" name="loginWithValidCredentials" time="0.0">
    <ignored/>
  </testcase> <!-- loginWithValidCredentials -->
  <testcase classname="com.mystore.testcases.RegistrationTest" name="registerWithExistingEmail" time="0.0">
    <ignored/>
  </testcase> <!-- registerWithExistingEmail -->
  <testcase classname="com.mystore.testcases.Login" name="loginWithInValidCredentials" time="0.0">
    <ignored/>
  </testcase> <!-- loginWithInValidCredentials -->
  <testcase classname="com.mystore.testcases.RegistrationTest" name="verifyCreateAccountButtonIsDisplayed" time="0.0">
    <ignored/>
  </testcase> <!-- verifyCreateAccountButtonIsDisplayed -->
  <testcase classname="com.mystore.testcases.RegistrationTest" name="registerWithEmptyFields" time="0.0">
    <ignored/>
  </testcase> <!-- registerWithEmptyFields -->
  <testcase classname="com.mystore.testcases.RegistrationTest" name="registerWithValidData" time="0.0">
    <ignored/>
  </testcase> <!-- registerWithValidData -->
</testsuite> <!-- SanityTests -->
